d:\entertainment\pet_projects\btl_ttcsn_v2\source code\x64\debug\vc143.pdb
d:\entertainment\pet_projects\btl_ttcsn_v2\source code\x64\debug\vc143.idb
d:\entertainment\pet_projects\btl_ttcsn_v2\source code\x64\debug\mergesort.obj
d:\entertainment\pet_projects\btl_ttcsn_v2\source code\x64\debug\major.obj
d:\entertainment\pet_projects\btl_ttcsn_v2\source code\x64\debug\inventory.obj
d:\entertainment\pet_projects\btl_ttcsn_v2\source code\x64\debug\insertionsort.obj
d:\entertainment\pet_projects\btl_ttcsn_v2\source code\x64\debug\inputcontroller.obj
d:\entertainment\pet_projects\btl_ttcsn_v2\source code\x64\debug\heapsort.obj
d:\entertainment\pet_projects\btl_ttcsn_v2\source code\x64\debug\fileselectionview.obj
d:\entertainment\pet_projects\btl_ttcsn_v2\source code\x64\debug\filecontroller.obj
d:\entertainment\pet_projects\btl_ttcsn_v2\source code\x64\debug\elemquantityselection.obj
d:\entertainment\pet_projects\btl_ttcsn_v2\source code\x64\debug\decorator.obj
d:\entertainment\pet_projects\btl_ttcsn_v2\source code\x64\debug\datatypeselection.obj
d:\entertainment\pet_projects\btl_ttcsn_v2\source code\x64\debug\dataset.obj
d:\entertainment\pet_projects\btl_ttcsn_v2\source code\x64\debug\datainitcontroller.obj
d:\entertainment\pet_projects\btl_ttcsn_v2\source code\x64\debug\consoleapplication3.obj
d:\entertainment\pet_projects\btl_ttcsn_v2\source code\x64\debug\complexity.obj
d:\entertainment\pet_projects\btl_ttcsn_v2\source code\x64\debug\bubblesort.obj
d:\entertainment\pet_projects\btl_ttcsn_v2\source code\x64\debug\benchmarksresult.obj
d:\entertainment\pet_projects\btl_ttcsn_v2\source code\x64\debug\benchmarkscontroller.obj
d:\entertainment\pet_projects\btl_ttcsn_v2\source code\x64\debug\basicsort.obj
d:\entertainment\pet_projects\btl_ttcsn_v2\source code\x64\debug\algorselection.obj
d:\entertainment\pet_projects\btl_ttcsn_v2\source code\x64\debug\utilscontroller.obj
d:\entertainment\pet_projects\btl_ttcsn_v2\source code\x64\debug\student.obj
d:\entertainment\pet_projects\btl_ttcsn_v2\source code\x64\debug\sortingalgor.obj
d:\entertainment\pet_projects\btl_ttcsn_v2\source code\x64\debug\selectionsort.obj
d:\entertainment\pet_projects\btl_ttcsn_v2\source code\x64\debug\quicksort.obj
d:\entertainment\pet_projects\btl_ttcsn_v2\source code\x64\debug\propfieldselection.obj
d:\entertainment\pet_projects\btl_ttcsn_v2\source code\x64\debug\person.obj
d:\entertainment\pet_projects\btl_ttcsn_v2\source code\x64\debug\orderselection.obj
d:\entertainment\pet_projects\btl_ttcsn_v2\source code\x64\debug\consoleapplication3.exe
d:\entertainment\pet_projects\btl_ttcsn_v2\source code\x64\debug\consoleapplication3.ilk
d:\entertainment\pet_projects\btl_ttcsn_v2\source code\x64\debug\consoleapplication3.pdb
d:\entertainment\pet_projects\btl_ttcsn_v2\source code\x64\debug\consolea.eee3b8ac.tlog\cl.command.1.tlog
d:\entertainment\pet_projects\btl_ttcsn_v2\source code\x64\debug\consolea.eee3b8ac.tlog\cl.read.1.tlog
d:\entertainment\pet_projects\btl_ttcsn_v2\source code\x64\debug\consolea.eee3b8ac.tlog\cl.write.1.tlog
d:\entertainment\pet_projects\btl_ttcsn_v2\source code\x64\debug\consolea.eee3b8ac.tlog\link.command.1.tlog
d:\entertainment\pet_projects\btl_ttcsn_v2\source code\x64\debug\consolea.eee3b8ac.tlog\link.read.1.tlog
d:\entertainment\pet_projects\btl_ttcsn_v2\source code\x64\debug\consolea.eee3b8ac.tlog\link.write.1.tlog
